<?xml version="1.0" encoding="UTF-8"?>
<testng-results skipped="0" failed="0" total="1" passed="1">
  <reporter-output>
  </reporter-output>
  <suite name="Default suite" duration-ms="15047" started-at="2016-11-28T13:48:37Z" finished-at="2016-11-28T13:48:52Z">
    <groups>
    </groups>
    <test name="Default test" duration-ms="15047" started-at="2016-11-28T13:48:37Z" finished-at="2016-11-28T13:48:52Z">
      <class name="pom.LoginTC">
        <test-method status="PASS" signature="login()[pri:0, instance:pom.LoginTC@4d574915]" name="login" duration-ms="15009" started-at="2016-11-28T19:18:37Z" finished-at="2016-11-28T19:18:52Z">
          <reporter-output>
          </reporter-output>
        </test-method> <!-- login -->
      </class> <!-- pom.LoginTC -->
    </test> <!-- Default test -->
  </suite> <!-- Default suite -->
</testng-results>
